[GIN-VUE-ADMIN]2020/10/13 - 09:48:54.350	[34minfo[0m	register table success
[GIN-VUE-ADMIN]2020/10/13 - 09:48:57.925	[34minfo[0m	use middleware logger
[GIN-VUE-ADMIN]2020/10/13 - 09:48:57.925	[34minfo[0m	use middleware cors
[GIN-VUE-ADMIN]2020/10/13 - 09:48:57.925	[34minfo[0m	register swagger handler
[GIN-VUE-ADMIN]2020/10/13 - 09:48:58.041	[34minfo[0m	router register success
[GIN-VUE-ADMIN]2020/10/13 - 09:48:58.042	[34minfo[0m	server run success on 	{"address": ":8888"}
[GIN-VUE-ADMIN]2020/10/13 - 17:13:50.175	[34minfo[0m	register table success
[GIN-VUE-ADMIN]2020/10/13 - 17:13:52.418	[34minfo[0m	use middleware logger
[GIN-VUE-ADMIN]2020/10/13 - 17:13:52.419	[34minfo[0m	use middleware cors
[GIN-VUE-ADMIN]2020/10/13 - 17:13:52.419	[34minfo[0m	register swagger handler
[GIN-VUE-ADMIN]2020/10/13 - 17:13:52.470	[34minfo[0m	router register success
[GIN-VUE-ADMIN]2020/10/13 - 17:13:52.472	[34minfo[0m	server run success on 	{"address": ":8888"}
[GIN-VUE-ADMIN]2020/10/13 - 17:32:16.292	[34minfo[0m	register table success
[GIN-VUE-ADMIN]2020/10/13 - 17:32:21.793	[34minfo[0m	use middleware logger
[GIN-VUE-ADMIN]2020/10/13 - 17:32:21.793	[34minfo[0m	use middleware cors
[GIN-VUE-ADMIN]2020/10/13 - 17:32:21.794	[34minfo[0m	register swagger handler
[GIN-VUE-ADMIN]2020/10/13 - 17:32:21.807	[34minfo[0m	router register success
[GIN-VUE-ADMIN]2020/10/13 - 17:32:21.809	[34minfo[0m	server run success on 	{"address": ":8888"}
[GIN-VUE-ADMIN]2020/10/13 - 17:34:16.042	[34minfo[0m	register table success
[GIN-VUE-ADMIN]2020/10/13 - 17:34:19.154	[34minfo[0m	use middleware logger
[GIN-VUE-ADMIN]2020/10/13 - 17:34:19.154	[34minfo[0m	use middleware cors
[GIN-VUE-ADMIN]2020/10/13 - 17:34:19.154	[34minfo[0m	register swagger handler
[GIN-VUE-ADMIN]2020/10/13 - 17:34:19.191	[34minfo[0m	router register success
[GIN-VUE-ADMIN]2020/10/13 - 17:34:19.193	[34minfo[0m	server run success on 	{"address": ":8888"}
[GIN-VUE-ADMIN]2020/10/13 - 17:40:32.199	[34minfo[0m	register table success
[GIN-VUE-ADMIN]2020/10/13 - 17:40:35.119	[34minfo[0m	use middleware logger
[GIN-VUE-ADMIN]2020/10/13 - 17:40:35.119	[34minfo[0m	use middleware cors
[GIN-VUE-ADMIN]2020/10/13 - 17:40:35.120	[34minfo[0m	register swagger handler
[GIN-VUE-ADMIN]2020/10/13 - 17:40:35.147	[34minfo[0m	router register success
[GIN-VUE-ADMIN]2020/10/13 - 17:40:35.149	[34minfo[0m	server run success on 	{"address": ":8888"}
[GIN-VUE-ADMIN]2020/10/13 - 17:44:34.606	[34minfo[0m	register table success
[GIN-VUE-ADMIN]2020/10/13 - 17:44:36.776	[34minfo[0m	use middleware logger
[GIN-VUE-ADMIN]2020/10/13 - 17:44:36.776	[34minfo[0m	use middleware cors
[GIN-VUE-ADMIN]2020/10/13 - 17:44:36.777	[34minfo[0m	register swagger handler
[GIN-VUE-ADMIN]2020/10/13 - 17:44:36.796	[34minfo[0m	router register success
[GIN-VUE-ADMIN]2020/10/13 - 17:44:36.797	[34minfo[0m	server run success on 	{"address": ":8888"}
