[GIN-VUE-ADMIN]2020/10/14 - 09:51:03.552	[34minfo[0m	register table success
[GIN-VUE-ADMIN]2020/10/14 - 09:51:05.982	[34minfo[0m	use middleware logger
[GIN-VUE-ADMIN]2020/10/14 - 09:51:05.982	[34minfo[0m	use middleware cors
[GIN-VUE-ADMIN]2020/10/14 - 09:51:05.984	[34minfo[0m	register swagger handler
[GIN-VUE-ADMIN]2020/10/14 - 09:51:06.026	[34minfo[0m	router register success
[GIN-VUE-ADMIN]2020/10/14 - 09:51:06.039	[34minfo[0m	server run success on 	{"address": ":8888"}
[GIN-VUE-ADMIN]2020/10/14 - 10:13:59.838	[34minfo[0m	register table success
[GIN-VUE-ADMIN]2020/10/14 - 10:14:02.020	[34minfo[0m	use middleware logger
[GIN-VUE-ADMIN]2020/10/14 - 10:14:02.022	[34minfo[0m	use middleware cors
[GIN-VUE-ADMIN]2020/10/14 - 10:14:02.023	[34minfo[0m	register swagger handler
[GIN-VUE-ADMIN]2020/10/14 - 10:14:02.047	[34minfo[0m	router register success
[GIN-VUE-ADMIN]2020/10/14 - 10:14:02.050	[34minfo[0m	server run success on 	{"address": ":8888"}
[GIN-VUE-ADMIN]2020/10/14 - 10:16:59.166	[34minfo[0m	register table success
[GIN-VUE-ADMIN]2020/10/14 - 10:17:01.194	[34minfo[0m	use middleware logger
[GIN-VUE-ADMIN]2020/10/14 - 10:17:01.194	[34minfo[0m	use middleware cors
[GIN-VUE-ADMIN]2020/10/14 - 10:17:01.195	[34minfo[0m	register swagger handler
[GIN-VUE-ADMIN]2020/10/14 - 10:17:01.214	[34minfo[0m	router register success
[GIN-VUE-ADMIN]2020/10/14 - 10:17:01.216	[34minfo[0m	server run success on 	{"address": ":8888"}
[GIN-VUE-ADMIN]2020/10/14 - 10:31:10.180	[34minfo[0m	register table success
[GIN-VUE-ADMIN]2020/10/14 - 10:31:12.746	[34minfo[0m	use middleware logger
[GIN-VUE-ADMIN]2020/10/14 - 10:31:12.747	[34minfo[0m	use middleware cors
[GIN-VUE-ADMIN]2020/10/14 - 10:31:12.747	[34minfo[0m	register swagger handler
[GIN-VUE-ADMIN]2020/10/14 - 10:31:12.771	[34minfo[0m	router register success
[GIN-VUE-ADMIN]2020/10/14 - 10:31:12.773	[34minfo[0m	server run success on 	{"address": ":8888"}
[GIN-VUE-ADMIN]2020/10/14 - 10:39:28.044	[34minfo[0m	register table success
[GIN-VUE-ADMIN]2020/10/14 - 10:39:31.382	[34minfo[0m	use middleware logger
[GIN-VUE-ADMIN]2020/10/14 - 10:39:31.382	[34minfo[0m	use middleware cors
[GIN-VUE-ADMIN]2020/10/14 - 10:39:31.383	[34minfo[0m	register swagger handler
[GIN-VUE-ADMIN]2020/10/14 - 10:39:31.394	[34minfo[0m	router register success
[GIN-VUE-ADMIN]2020/10/14 - 10:39:31.405	[34minfo[0m	server run success on 	{"address": ":8888"}
[GIN-VUE-ADMIN]2020/10/14 - 10:41:17.622	[34minfo[0m	register table success
[GIN-VUE-ADMIN]2020/10/14 - 10:41:20.416	[34minfo[0m	use middleware logger
[GIN-VUE-ADMIN]2020/10/14 - 10:41:20.417	[34minfo[0m	use middleware cors
[GIN-VUE-ADMIN]2020/10/14 - 10:41:20.418	[34minfo[0m	register swagger handler
[GIN-VUE-ADMIN]2020/10/14 - 10:41:20.428	[34minfo[0m	router register success
[GIN-VUE-ADMIN]2020/10/14 - 10:41:20.429	[34minfo[0m	server run success on 	{"address": ":8888"}
[GIN-VUE-ADMIN]2020/10/14 - 10:45:43.671	[34minfo[0m	register table success
[GIN-VUE-ADMIN]2020/10/14 - 10:45:47.795	[34minfo[0m	use middleware logger
[GIN-VUE-ADMIN]2020/10/14 - 10:45:47.795	[34minfo[0m	use middleware cors
[GIN-VUE-ADMIN]2020/10/14 - 10:45:47.795	[34minfo[0m	register swagger handler
[GIN-VUE-ADMIN]2020/10/14 - 10:45:47.830	[34minfo[0m	router register success
[GIN-VUE-ADMIN]2020/10/14 - 10:45:47.832	[34minfo[0m	server run success on 	{"address": ":8888"}
[GIN-VUE-ADMIN]2020/10/14 - 10:47:57.799	[34minfo[0m	register table success
[GIN-VUE-ADMIN]2020/10/14 - 10:48:01.665	[34minfo[0m	use middleware logger
[GIN-VUE-ADMIN]2020/10/14 - 10:48:01.666	[34minfo[0m	use middleware cors
[GIN-VUE-ADMIN]2020/10/14 - 10:48:01.666	[34minfo[0m	register swagger handler
[GIN-VUE-ADMIN]2020/10/14 - 10:48:01.677	[34minfo[0m	router register success
[GIN-VUE-ADMIN]2020/10/14 - 10:48:01.678	[34minfo[0m	server run success on 	{"address": ":8888"}
[GIN-VUE-ADMIN]2020/10/14 - 10:50:56.879	[34minfo[0m	register table success
[GIN-VUE-ADMIN]2020/10/14 - 10:50:59.926	[34minfo[0m	use middleware logger
[GIN-VUE-ADMIN]2020/10/14 - 10:50:59.926	[34minfo[0m	use middleware cors
[GIN-VUE-ADMIN]2020/10/14 - 10:50:59.928	[34minfo[0m	register swagger handler
[GIN-VUE-ADMIN]2020/10/14 - 10:50:59.948	[34minfo[0m	router register success
[GIN-VUE-ADMIN]2020/10/14 - 10:50:59.949	[34minfo[0m	server run success on 	{"address": ":8888"}
[GIN-VUE-ADMIN]2020/10/14 - 10:53:18.582	[34minfo[0m	register table success
[GIN-VUE-ADMIN]2020/10/14 - 10:53:20.497	[34minfo[0m	use middleware logger
[GIN-VUE-ADMIN]2020/10/14 - 10:53:20.497	[34minfo[0m	use middleware cors
[GIN-VUE-ADMIN]2020/10/14 - 10:53:20.498	[34minfo[0m	register swagger handler
[GIN-VUE-ADMIN]2020/10/14 - 10:53:20.516	[34minfo[0m	router register success
[GIN-VUE-ADMIN]2020/10/14 - 10:53:20.517	[34minfo[0m	server run success on 	{"address": ":8888"}
[GIN-VUE-ADMIN]2020/10/14 - 10:54:56.803	[34minfo[0m	register table success
[GIN-VUE-ADMIN]2020/10/14 - 10:54:59.597	[34minfo[0m	use middleware logger
[GIN-VUE-ADMIN]2020/10/14 - 10:54:59.597	[34minfo[0m	use middleware cors
[GIN-VUE-ADMIN]2020/10/14 - 10:54:59.598	[34minfo[0m	register swagger handler
[GIN-VUE-ADMIN]2020/10/14 - 10:54:59.634	[34minfo[0m	router register success
[GIN-VUE-ADMIN]2020/10/14 - 10:54:59.636	[34minfo[0m	server run success on 	{"address": ":8888"}
[GIN-VUE-ADMIN]2020/10/14 - 10:57:40.173	[34minfo[0m	register table success
[GIN-VUE-ADMIN]2020/10/14 - 10:57:42.180	[34minfo[0m	use middleware logger
[GIN-VUE-ADMIN]2020/10/14 - 10:57:42.180	[34minfo[0m	use middleware cors
[GIN-VUE-ADMIN]2020/10/14 - 10:57:42.180	[34minfo[0m	register swagger handler
[GIN-VUE-ADMIN]2020/10/14 - 10:57:42.246	[34minfo[0m	router register success
[GIN-VUE-ADMIN]2020/10/14 - 10:57:42.251	[34minfo[0m	server run success on 	{"address": ":8888"}
[GIN-VUE-ADMIN]2020/10/14 - 11:00:07.076	[34minfo[0m	register table success
[GIN-VUE-ADMIN]2020/10/14 - 11:00:16.035	[34minfo[0m	use middleware logger
[GIN-VUE-ADMIN]2020/10/14 - 11:00:16.049	[34minfo[0m	use middleware cors
[GIN-VUE-ADMIN]2020/10/14 - 11:00:16.051	[34minfo[0m	register swagger handler
[GIN-VUE-ADMIN]2020/10/14 - 11:00:16.134	[34minfo[0m	router register success
[GIN-VUE-ADMIN]2020/10/14 - 11:00:16.152	[34minfo[0m	server run success on 	{"address": ":8888"}
[GIN-VUE-ADMIN]2020/10/14 - 11:02:59.213	[34minfo[0m	register table success
[GIN-VUE-ADMIN]2020/10/14 - 11:03:01.045	[34minfo[0m	use middleware logger
[GIN-VUE-ADMIN]2020/10/14 - 11:03:01.050	[34minfo[0m	use middleware cors
[GIN-VUE-ADMIN]2020/10/14 - 11:03:01.051	[34minfo[0m	register swagger handler
[GIN-VUE-ADMIN]2020/10/14 - 11:03:01.151	[34minfo[0m	router register success
[GIN-VUE-ADMIN]2020/10/14 - 11:03:01.153	[34minfo[0m	server run success on 	{"address": ":8888"}
