[GIN-VUE-ADMIN]2020/09/27 - 09:48:09.566	[34minfo[0m	register table success
[GIN-VUE-ADMIN]2020/09/27 - 09:48:13.108	[34minfo[0m	use middleware logger
[GIN-VUE-ADMIN]2020/09/27 - 09:48:13.108	[34minfo[0m	use middleware cors
[GIN-VUE-ADMIN]2020/09/27 - 09:48:13.109	[34minfo[0m	register swagger handler
[GIN-VUE-ADMIN]2020/09/27 - 09:48:13.148	[34minfo[0m	router register success
[GIN-VUE-ADMIN]2020/09/27 - 09:48:13.150	[34minfo[0m	server run success on 	{"address": ":8888"}
[GIN-VUE-ADMIN]2020/09/27 - 13:16:35.476	[34minfo[0m	register table success
[GIN-VUE-ADMIN]2020/09/27 - 13:16:39.712	[34minfo[0m	use middleware logger
[GIN-VUE-ADMIN]2020/09/27 - 13:16:39.713	[34minfo[0m	use middleware cors
[GIN-VUE-ADMIN]2020/09/27 - 13:16:39.714	[34minfo[0m	register swagger handler
[GIN-VUE-ADMIN]2020/09/27 - 13:16:39.740	[34minfo[0m	router register success
[GIN-VUE-ADMIN]2020/09/27 - 13:16:39.742	[34minfo[0m	server run success on 	{"address": ":8888"}
[GIN-VUE-ADMIN]2020/09/27 - 13:21:57.763	[34minfo[0m	register table success
[GIN-VUE-ADMIN]2020/09/27 - 13:22:02.220	[34minfo[0m	use middleware logger
[GIN-VUE-ADMIN]2020/09/27 - 13:22:02.221	[34minfo[0m	use middleware cors
[GIN-VUE-ADMIN]2020/09/27 - 13:22:02.221	[34minfo[0m	register swagger handler
[GIN-VUE-ADMIN]2020/09/27 - 13:22:02.267	[34minfo[0m	router register success
[GIN-VUE-ADMIN]2020/09/27 - 13:22:02.269	[34minfo[0m	server run success on 	{"address": ":8888"}
[GIN-VUE-ADMIN]2020/09/27 - 14:22:13.665	[34minfo[0m	register table success
[GIN-VUE-ADMIN]2020/09/27 - 14:22:15.850	[34minfo[0m	use middleware logger
[GIN-VUE-ADMIN]2020/09/27 - 14:22:15.850	[34minfo[0m	use middleware cors
[GIN-VUE-ADMIN]2020/09/27 - 14:22:15.851	[34minfo[0m	register swagger handler
[GIN-VUE-ADMIN]2020/09/27 - 14:22:15.876	[34minfo[0m	router register success
[GIN-VUE-ADMIN]2020/09/27 - 14:22:15.878	[34minfo[0m	server run success on 	{"address": ":8888"}
[GIN-VUE-ADMIN]2020/09/27 - 15:29:34.025	[34minfo[0m	register table success
[GIN-VUE-ADMIN]2020/09/27 - 15:29:38.429	[34minfo[0m	use middleware logger
[GIN-VUE-ADMIN]2020/09/27 - 15:29:38.430	[34minfo[0m	use middleware cors
[GIN-VUE-ADMIN]2020/09/27 - 15:29:38.430	[34minfo[0m	register swagger handler
[GIN-VUE-ADMIN]2020/09/27 - 15:29:38.445	[34minfo[0m	router register success
[GIN-VUE-ADMIN]2020/09/27 - 15:29:38.446	[34minfo[0m	server run success on 	{"address": ":8888"}
