[GIN-VUE-ADMIN]2020/10/29 - 09:22:44.583	[34minfo[0m	register table success
[GIN-VUE-ADMIN]2020/10/29 - 09:22:46.851	[34minfo[0m	use middleware logger
[GIN-VUE-ADMIN]2020/10/29 - 09:22:46.852	[34minfo[0m	use middleware cors
[GIN-VUE-ADMIN]2020/10/29 - 09:22:46.852	[34minfo[0m	register swagger handler
[GIN-VUE-ADMIN]2020/10/29 - 09:22:46.903	[34minfo[0m	router register success
[GIN-VUE-ADMIN]2020/10/29 - 09:22:46.904	[34minfo[0m	server run success on 	{"address": ":8888"}
[GIN-VUE-ADMIN]2020/10/29 - 11:41:05.834	[34minfo[0m	register table success
[GIN-VUE-ADMIN]2020/10/29 - 11:41:08.056	[34minfo[0m	use middleware logger
[GIN-VUE-ADMIN]2020/10/29 - 11:41:08.058	[34minfo[0m	use middleware cors
[GIN-VUE-ADMIN]2020/10/29 - 11:41:08.059	[34minfo[0m	register swagger handler
[GIN-VUE-ADMIN]2020/10/29 - 11:41:08.092	[34minfo[0m	router register success
[GIN-VUE-ADMIN]2020/10/29 - 11:41:08.094	[34minfo[0m	server run success on 	{"address": ":8888"}
[GIN-VUE-ADMIN]2020/10/29 - 13:25:38.188	[34minfo[0m	register table success
[GIN-VUE-ADMIN]2020/10/29 - 13:25:40.654	[34minfo[0m	use middleware logger
[GIN-VUE-ADMIN]2020/10/29 - 13:25:40.654	[34minfo[0m	use middleware cors
[GIN-VUE-ADMIN]2020/10/29 - 13:25:40.654	[34minfo[0m	register swagger handler
[GIN-VUE-ADMIN]2020/10/29 - 13:25:40.678	[34minfo[0m	router register success
[GIN-VUE-ADMIN]2020/10/29 - 13:25:40.680	[34minfo[0m	server run success on 	{"address": ":8888"}
[GIN-VUE-ADMIN]2020/10/29 - 13:28:29.549	[34minfo[0m	register table success
[GIN-VUE-ADMIN]2020/10/29 - 13:28:31.805	[34minfo[0m	use middleware logger
[GIN-VUE-ADMIN]2020/10/29 - 13:28:31.805	[34minfo[0m	use middleware cors
[GIN-VUE-ADMIN]2020/10/29 - 13:28:31.805	[34minfo[0m	register swagger handler
[GIN-VUE-ADMIN]2020/10/29 - 13:28:31.843	[34minfo[0m	router register success
[GIN-VUE-ADMIN]2020/10/29 - 13:28:31.844	[34minfo[0m	server run success on 	{"address": ":8888"}
[GIN-VUE-ADMIN]2020/10/29 - 15:56:58.574	[34minfo[0m	register table success
[GIN-VUE-ADMIN]2020/10/29 - 15:57:00.928	[34minfo[0m	use middleware logger
[GIN-VUE-ADMIN]2020/10/29 - 15:57:00.928	[34minfo[0m	use middleware cors
[GIN-VUE-ADMIN]2020/10/29 - 15:57:00.929	[34minfo[0m	register swagger handler
[GIN-VUE-ADMIN]2020/10/29 - 15:57:00.955	[34minfo[0m	router register success
[GIN-VUE-ADMIN]2020/10/29 - 15:57:00.956	[34minfo[0m	server run success on 	{"address": ":8888"}
[GIN-VUE-ADMIN]2020/10/29 - 16:04:19.202	[34minfo[0m	register table success
[GIN-VUE-ADMIN]2020/10/29 - 16:04:22.177	[34minfo[0m	use middleware logger
[GIN-VUE-ADMIN]2020/10/29 - 16:04:22.177	[34minfo[0m	use middleware cors
[GIN-VUE-ADMIN]2020/10/29 - 16:04:22.178	[34minfo[0m	register swagger handler
[GIN-VUE-ADMIN]2020/10/29 - 16:04:22.213	[34minfo[0m	router register success
[GIN-VUE-ADMIN]2020/10/29 - 16:04:22.214	[34minfo[0m	server run success on 	{"address": ":8888"}
[GIN-VUE-ADMIN]2020/10/29 - 16:35:28.281	[34minfo[0m	register table success
[GIN-VUE-ADMIN]2020/10/29 - 16:35:30.178	[34minfo[0m	use middleware logger
[GIN-VUE-ADMIN]2020/10/29 - 16:35:30.178	[34minfo[0m	use middleware cors
[GIN-VUE-ADMIN]2020/10/29 - 16:35:30.179	[34minfo[0m	register swagger handler
[GIN-VUE-ADMIN]2020/10/29 - 16:35:30.206	[34minfo[0m	router register success
[GIN-VUE-ADMIN]2020/10/29 - 16:35:30.208	[34minfo[0m	server run success on 	{"address": ":8888"}
[GIN-VUE-ADMIN]2020/10/29 - 20:30:07.295	[34minfo[0m	register table success
[GIN-VUE-ADMIN]2020/10/29 - 20:30:11.815	[34minfo[0m	use middleware logger
[GIN-VUE-ADMIN]2020/10/29 - 20:30:11.825	[34minfo[0m	use middleware cors
[GIN-VUE-ADMIN]2020/10/29 - 20:30:11.827	[34minfo[0m	register swagger handler
[GIN-VUE-ADMIN]2020/10/29 - 20:30:11.866	[34minfo[0m	router register success
[GIN-VUE-ADMIN]2020/10/29 - 20:30:11.867	[34minfo[0m	server run success on 	{"address": ":8888"}
[GIN-VUE-ADMIN]2020/10/29 - 22:01:17.849	[34minfo[0m	register table success
[GIN-VUE-ADMIN]2020/10/29 - 22:01:20.627	[34minfo[0m	use middleware logger
[GIN-VUE-ADMIN]2020/10/29 - 22:01:20.628	[34minfo[0m	use middleware cors
[GIN-VUE-ADMIN]2020/10/29 - 22:01:20.629	[34minfo[0m	register swagger handler
[GIN-VUE-ADMIN]2020/10/29 - 22:01:20.697	[34minfo[0m	router register success
[GIN-VUE-ADMIN]2020/10/29 - 22:01:20.699	[34minfo[0m	server run success on 	{"address": ":8888"}
[GIN-VUE-ADMIN]2020/10/29 - 22:21:57.494	[34minfo[0m	register table success
[GIN-VUE-ADMIN]2020/10/29 - 22:21:59.669	[34minfo[0m	use middleware logger
[GIN-VUE-ADMIN]2020/10/29 - 22:21:59.669	[34minfo[0m	use middleware cors
[GIN-VUE-ADMIN]2020/10/29 - 22:21:59.671	[34minfo[0m	register swagger handler
[GIN-VUE-ADMIN]2020/10/29 - 22:21:59.738	[34minfo[0m	router register success
[GIN-VUE-ADMIN]2020/10/29 - 22:21:59.738	[34minfo[0m	server run success on 	{"address": ":8888"}
[GIN-VUE-ADMIN]2020/10/29 - 22:23:56.402	[34minfo[0m	register table success
[GIN-VUE-ADMIN]2020/10/29 - 22:24:00.065	[34minfo[0m	use middleware logger
[GIN-VUE-ADMIN]2020/10/29 - 22:24:00.065	[34minfo[0m	use middleware cors
[GIN-VUE-ADMIN]2020/10/29 - 22:24:00.066	[34minfo[0m	register swagger handler
[GIN-VUE-ADMIN]2020/10/29 - 22:24:00.155	[34minfo[0m	router register success
[GIN-VUE-ADMIN]2020/10/29 - 22:24:00.171	[34minfo[0m	server run success on 	{"address": ":8888"}
[GIN-VUE-ADMIN]2020/10/29 - 22:25:35.816	[34minfo[0m	register table success
[GIN-VUE-ADMIN]2020/10/29 - 22:25:38.855	[34minfo[0m	use middleware logger
[GIN-VUE-ADMIN]2020/10/29 - 22:25:38.856	[34minfo[0m	use middleware cors
[GIN-VUE-ADMIN]2020/10/29 - 22:25:38.856	[34minfo[0m	register swagger handler
[GIN-VUE-ADMIN]2020/10/29 - 22:25:38.934	[34minfo[0m	router register success
[GIN-VUE-ADMIN]2020/10/29 - 22:25:38.950	[34minfo[0m	server run success on 	{"address": ":8888"}
[GIN-VUE-ADMIN]2020/10/29 - 23:10:46.424	[34minfo[0m	register table success
[GIN-VUE-ADMIN]2020/10/29 - 23:10:48.315	[34minfo[0m	use middleware logger
[GIN-VUE-ADMIN]2020/10/29 - 23:10:48.315	[34minfo[0m	use middleware cors
[GIN-VUE-ADMIN]2020/10/29 - 23:10:48.316	[34minfo[0m	register swagger handler
[GIN-VUE-ADMIN]2020/10/29 - 23:10:48.433	[34minfo[0m	router register success
[GIN-VUE-ADMIN]2020/10/29 - 23:10:48.463	[34minfo[0m	server run success on 	{"address": ":8888"}
[GIN-VUE-ADMIN]2020/10/29 - 23:12:01.090	[34minfo[0m	register table success
[GIN-VUE-ADMIN]2020/10/29 - 23:12:03.636	[34minfo[0m	use middleware logger
[GIN-VUE-ADMIN]2020/10/29 - 23:12:03.637	[34minfo[0m	use middleware cors
[GIN-VUE-ADMIN]2020/10/29 - 23:12:03.638	[34minfo[0m	register swagger handler
[GIN-VUE-ADMIN]2020/10/29 - 23:12:03.679	[34minfo[0m	router register success
[GIN-VUE-ADMIN]2020/10/29 - 23:12:03.681	[34minfo[0m	server run success on 	{"address": ":8888"}
[GIN-VUE-ADMIN]2020/10/29 - 23:36:09.299	[34minfo[0m	register table success
[GIN-VUE-ADMIN]2020/10/29 - 23:36:11.591	[34minfo[0m	use middleware logger
[GIN-VUE-ADMIN]2020/10/29 - 23:36:11.592	[34minfo[0m	use middleware cors
[GIN-VUE-ADMIN]2020/10/29 - 23:36:11.593	[34minfo[0m	register swagger handler
[GIN-VUE-ADMIN]2020/10/29 - 23:36:11.699	[34minfo[0m	router register success
[GIN-VUE-ADMIN]2020/10/29 - 23:36:11.716	[34minfo[0m	server run success on 	{"address": ":8888"}
[GIN-VUE-ADMIN]2020/10/29 - 23:38:12.833	[34minfo[0m	register table success
[GIN-VUE-ADMIN]2020/10/29 - 23:38:14.937	[34minfo[0m	use middleware logger
[GIN-VUE-ADMIN]2020/10/29 - 23:38:14.937	[34minfo[0m	use middleware cors
[GIN-VUE-ADMIN]2020/10/29 - 23:38:14.937	[34minfo[0m	register swagger handler
[GIN-VUE-ADMIN]2020/10/29 - 23:38:15.025	[34minfo[0m	router register success
[GIN-VUE-ADMIN]2020/10/29 - 23:38:15.027	[34minfo[0m	server run success on 	{"address": ":8888"}
[GIN-VUE-ADMIN]2020/10/29 - 23:43:49.634	[34minfo[0m	register table success
[GIN-VUE-ADMIN]2020/10/29 - 23:43:51.645	[34minfo[0m	use middleware logger
[GIN-VUE-ADMIN]2020/10/29 - 23:43:51.645	[34minfo[0m	use middleware cors
[GIN-VUE-ADMIN]2020/10/29 - 23:43:51.661	[34minfo[0m	register swagger handler
[GIN-VUE-ADMIN]2020/10/29 - 23:43:51.778	[34minfo[0m	router register success
[GIN-VUE-ADMIN]2020/10/29 - 23:43:51.780	[34minfo[0m	server run success on 	{"address": ":8888"}
[GIN-VUE-ADMIN]2020/10/29 - 23:45:16.792	[34minfo[0m	register table success
[GIN-VUE-ADMIN]2020/10/29 - 23:45:18.484	[34minfo[0m	use middleware logger
[GIN-VUE-ADMIN]2020/10/29 - 23:45:18.484	[34minfo[0m	use middleware cors
[GIN-VUE-ADMIN]2020/10/29 - 23:45:18.485	[34minfo[0m	register swagger handler
[GIN-VUE-ADMIN]2020/10/29 - 23:45:18.624	[34minfo[0m	router register success
[GIN-VUE-ADMIN]2020/10/29 - 23:45:18.627	[34minfo[0m	server run success on 	{"address": ":8888"}
[GIN-VUE-ADMIN]2020/10/29 - 23:52:59.651	[34minfo[0m	register table success
[GIN-VUE-ADMIN]2020/10/29 - 23:53:02.298	[34minfo[0m	use middleware logger
[GIN-VUE-ADMIN]2020/10/29 - 23:53:02.299	[34minfo[0m	use middleware cors
[GIN-VUE-ADMIN]2020/10/29 - 23:53:02.300	[34minfo[0m	register swagger handler
[GIN-VUE-ADMIN]2020/10/29 - 23:53:02.403	[34minfo[0m	router register success
[GIN-VUE-ADMIN]2020/10/29 - 23:53:02.433	[34minfo[0m	server run success on 	{"address": ":8888"}
